This file contains any messages produced by compilers while
running configure, to aid debugging if configure makes a mistake.

It was created by rabbitmq-c configure 0.5.3, which was
generated by GNU Autoconf 2.69.  Invocation command line was

  $ ./configure 

## --------- ##
## Platform. ##
## --------- ##

hostname = ip-172-31-21-250
uname -m = x86_64
uname -r = 4.9.32-15.41.amzn1.x86_64
uname -s = Linux
uname -v = #1 SMP Thu Jun 22 06:20:54 UTC 2017

/usr/bin/uname -p = unknown
/bin/uname -X     = unknown

/bin/arch              = x86_64
/usr/bin/arch -k       = unknown
/usr/convex/getsysinfo = unknown
/usr/bin/hostinfo      = unknown
/bin/machine           = unknown
/usr/bin/oslevel       = unknown
/bin/universe          = unknown

PATH: /root/google-cloud-sdk/bin
PATH: /sbin
PATH: /bin
PATH: /usr/sbin
PATH: /usr/bin
PATH: /opt/aws/bin


## ----------- ##
## Core tests. ##
## ----------- ##

configure:2324: checking for a BSD-compatible install
configure:2392: result: /usr/bin/install -c
configure:2403: checking whether build environment is sane
configure:2458: result: yes
configure:2609: checking for a thread-safe mkdir -p
configure:2648: result: /bin/mkdir -p
configure:2655: checking for gawk
configure:2671: found /bin/gawk
configure:2682: result: gawk
configure:2693: checking whether make sets $(MAKE)
configure:2715: result: yes
configure:2744: checking whether make supports nested variables
configure:2761: result: yes
configure:2897: checking whether make supports nested variables
configure:2914: result: yes
configure:2938: checking for style of include used by make
configure:2966: result: GNU
configure:3037: checking for gcc
configure:3053: found /usr/bin/gcc
configure:3064: result: gcc
configure:3293: checking for C compiler version
configure:3302: gcc --version >&5
gcc (GCC) 4.8.3 20140911 (Red Hat 4.8.3-9)
Copyright (C) 2013 Free Software Foundation, Inc.
This is free software; see the source for copying conditions.  There is NO
warranty; not even for MERCHANTABILITY or FITNESS FOR A PARTICULAR PURPOSE.

configure:3313: $? = 0
configure:3302: gcc -v >&5
Using built-in specs.
COLLECT_GCC=gcc
COLLECT_LTO_WRAPPER=/usr/libexec/gcc/x86_64-amazon-linux/4.8.3/lto-wrapper
Target: x86_64-amazon-linux
Configured with: ../configure --prefix=/usr --mandir=/usr/share/man --infodir=/usr/share/info --with-bugurl=http://bugzilla.redhat.com/bugzilla --enable-bootstrap --enable-shared --enable-threads=posix --enable-checking=release --with-system-zlib --enable-__cxa_atexit --disable-libunwind-exceptions --enable-gnu-unique-object --enable-linker-build-id --with-linker-hash-style=gnu --enable-languages=c,c++,fortran,ada,lto --enable-plugin --enable-initfini-array --disable-libgcj --with-isl=/builddir/build/BUILD/gcc-4.8.3-20140911/obj-x86_64-amazon-linux/isl-install --with-cloog=/builddir/build/BUILD/gcc-4.8.3-20140911/obj-x86_64-amazon-linux/cloog-install --enable-gnu-indirect-function --with-tune=generic --with-arch_32=x86-64 --build=x86_64-amazon-linux
Thread model: posix
gcc version 4.8.3 20140911 (Red Hat 4.8.3-9) (GCC) 
configure:3313: $? = 0
configure:3302: gcc -V >&5
gcc: error: unrecognized command line option '-V'
gcc: fatal error: no input files
compilation terminated.
configure:3313: $? = 4
configure:3302: gcc -qversion >&5
gcc: error: unrecognized command line option '-qversion'
gcc: fatal error: no input files
compilation terminated.
configure:3313: $? = 4
configure:3333: checking whether the C compiler works
configure:3355: gcc    conftest.c  >&5
configure:3359: $? = 0
configure:3407: result: yes
configure:3410: checking for C compiler default output file name
configure:3412: result: a.out
configure:3418: checking for suffix of executables
configure:3425: gcc -o conftest    conftest.c  >&5
configure:3429: $? = 0
configure:3451: result: 
configure:3473: checking whether we are cross compiling
configure:3481: gcc -o conftest    conftest.c  >&5
configure:3485: $? = 0
configure:3492: ./conftest
configure:3496: $? = 0
configure:3511: result: no
configure:3516: checking for suffix of object files
configure:3538: gcc -c   conftest.c >&5
configure:3542: $? = 0
configure:3563: result: o
configure:3567: checking whether we are using the GNU C compiler
configure:3586: gcc -c   conftest.c >&5
configure:3586: $? = 0
configure:3595: result: yes
configure:3604: checking whether gcc accepts -g
configure:3624: gcc -c -g  conftest.c >&5
configure:3624: $? = 0
configure:3665: result: yes
configure:3682: checking for gcc option to accept ISO C89
configure:3745: gcc  -c -g -O2  conftest.c >&5
configure:3745: $? = 0
configure:3758: result: none needed
configure:3783: checking whether gcc understands -c and -o together
configure:3805: gcc -c conftest.c -o conftest2.o
configure:3808: $? = 0
configure:3805: gcc -c conftest.c -o conftest2.o
configure:3808: $? = 0
configure:3820: result: yes
configure:3839: checking dependency style of gcc
configure:3950: result: gcc3
configure:3971: checking how to run the C preprocessor
configure:4002: gcc -E  conftest.c
configure:4002: $? = 0
configure:4016: gcc -E  conftest.c
conftest.c:11:28: fatal error: ac_nonexistent.h: No such file or directory
 #include <ac_nonexistent.h>
                            ^
compilation terminated.
configure:4016: $? = 1
configure: failed program was:
| /* confdefs.h */
| #define PACKAGE_NAME "rabbitmq-c"
| #define PACKAGE_TARNAME "rabbitmq-c"
| #define PACKAGE_VERSION "0.5.3"
| #define PACKAGE_STRING "rabbitmq-c 0.5.3"
| #define PACKAGE_BUGREPORT "https://github.com/alanxz/rabbitmq-c/issues"
| #define PACKAGE_URL "http://www.rabbitmq.com/"
| #define PACKAGE "rabbitmq-c"
| #define VERSION "0.5.3"
| /* end confdefs.h.  */
| #include <ac_nonexistent.h>
configure:4041: result: gcc -E
configure:4061: gcc -E  conftest.c
configure:4061: $? = 0
configure:4075: gcc -E  conftest.c
conftest.c:11:28: fatal error: ac_nonexistent.h: No such file or directory
 #include <ac_nonexistent.h>
                            ^
compilation terminated.
configure:4075: $? = 1
configure: failed program was:
| /* confdefs.h */
| #define PACKAGE_NAME "rabbitmq-c"
| #define PACKAGE_TARNAME "rabbitmq-c"
| #define PACKAGE_VERSION "0.5.3"
| #define PACKAGE_STRING "rabbitmq-c 0.5.3"
| #define PACKAGE_BUGREPORT "https://github.com/alanxz/rabbitmq-c/issues"
| #define PACKAGE_URL "http://www.rabbitmq.com/"
| #define PACKAGE "rabbitmq-c"
| #define VERSION "0.5.3"
| /* end confdefs.h.  */
| #include <ac_nonexistent.h>
configure:4104: checking for grep that handles long lines and -e
configure:4162: result: /bin/grep
configure:4167: checking for egrep
configure:4229: result: /bin/grep -E
configure:4234: checking for ANSI C header files
configure:4254: gcc -c -g -O2  conftest.c >&5
configure:4254: $? = 0
configure:4327: gcc -o conftest -g -O2   conftest.c  >&5
configure:4327: $? = 0
configure:4327: ./conftest
configure:4327: $? = 0
configure:4338: result: yes
configure:4351: checking for sys/types.h
configure:4351: gcc -c -g -O2  conftest.c >&5
configure:4351: $? = 0
configure:4351: result: yes
configure:4351: checking for sys/stat.h
configure:4351: gcc -c -g -O2  conftest.c >&5
configure:4351: $? = 0
configure:4351: result: yes
configure:4351: checking for stdlib.h
configure:4351: gcc -c -g -O2  conftest.c >&5
configure:4351: $? = 0
configure:4351: result: yes
configure:4351: checking for string.h
configure:4351: gcc -c -g -O2  conftest.c >&5
configure:4351: $? = 0
configure:4351: result: yes
configure:4351: checking for memory.h
configure:4351: gcc -c -g -O2  conftest.c >&5
configure:4351: $? = 0
configure:4351: result: yes
configure:4351: checking for strings.h
configure:4351: gcc -c -g -O2  conftest.c >&5
configure:4351: $? = 0
configure:4351: result: yes
configure:4351: checking for inttypes.h
configure:4351: gcc -c -g -O2  conftest.c >&5
configure:4351: $? = 0
configure:4351: result: yes
configure:4351: checking for stdint.h
configure:4351: gcc -c -g -O2  conftest.c >&5
configure:4351: $? = 0
configure:4351: result: yes
configure:4351: checking for unistd.h
configure:4351: gcc -c -g -O2  conftest.c >&5
configure:4351: $? = 0
configure:4351: result: yes
configure:4364: checking minix/config.h usability
configure:4364: gcc -c -g -O2  conftest.c >&5
conftest.c:54:26: fatal error: minix/config.h: No such file or directory
 #include <minix/config.h>
                          ^
compilation terminated.
configure:4364: $? = 1
configure: failed program was:
| /* confdefs.h */
| #define PACKAGE_NAME "rabbitmq-c"
| #define PACKAGE_TARNAME "rabbitmq-c"
| #define PACKAGE_VERSION "0.5.3"
| #define PACKAGE_STRING "rabbitmq-c 0.5.3"
| #define PACKAGE_BUGREPORT "https://github.com/alanxz/rabbitmq-c/issues"
| #define PACKAGE_URL "http://www.rabbitmq.com/"
| #define PACKAGE "rabbitmq-c"
| #define VERSION "0.5.3"
| #define STDC_HEADERS 1
| #define HAVE_SYS_TYPES_H 1
| #define HAVE_SYS_STAT_H 1
| #define HAVE_STDLIB_H 1
| #define HAVE_STRING_H 1
| #define HAVE_MEMORY_H 1
| #define HAVE_STRINGS_H 1
| #define HAVE_INTTYPES_H 1
| #define HAVE_STDINT_H 1
| #define HAVE_UNISTD_H 1
| /* end confdefs.h.  */
| #include <stdio.h>
| #ifdef HAVE_SYS_TYPES_H
| # include <sys/types.h>
| #endif
| #ifdef HAVE_SYS_STAT_H
| # include <sys/stat.h>
| #endif
| #ifdef STDC_HEADERS
| # include <stdlib.h>
| # include <stddef.h>
| #else
| # ifdef HAVE_STDLIB_H
| #  include <stdlib.h>
| # endif
| #endif
| #ifdef HAVE_STRING_H
| # if !defined STDC_HEADERS && defined HAVE_MEMORY_H
| #  include <memory.h>
| # endif
| # include <string.h>
| #endif
| #ifdef HAVE_STRINGS_H
| # include <strings.h>
| #endif
| #ifdef HAVE_INTTYPES_H
| # include <inttypes.h>
| #endif
| #ifdef HAVE_STDINT_H
| # include <stdint.h>
| #endif
| #ifdef HAVE_UNISTD_H
| # include <unistd.h>
| #endif
| #include <minix/config.h>
configure:4364: result: no
configure:4364: checking minix/config.h presence
configure:4364: gcc -E  conftest.c
conftest.c:21:26: fatal error: minix/config.h: No such file or directory
 #include <minix/config.h>
                          ^
compilation terminated.
configure:4364: $? = 1
configure: failed program was:
| /* confdefs.h */
| #define PACKAGE_NAME "rabbitmq-c"
| #define PACKAGE_TARNAME "rabbitmq-c"
| #define PACKAGE_VERSION "0.5.3"
| #define PACKAGE_STRING "rabbitmq-c 0.5.3"
| #define PACKAGE_BUGREPORT "https://github.com/alanxz/rabbitmq-c/issues"
| #define PACKAGE_URL "http://www.rabbitmq.com/"
| #define PACKAGE "rabbitmq-c"
| #define VERSION "0.5.3"
| #define STDC_HEADERS 1
| #define HAVE_SYS_TYPES_H 1
| #define HAVE_SYS_STAT_H 1
| #define HAVE_STDLIB_H 1
| #define HAVE_STRING_H 1
| #define HAVE_MEMORY_H 1
| #define HAVE_STRINGS_H 1
| #define HAVE_INTTYPES_H 1
| #define HAVE_STDINT_H 1
| #define HAVE_UNISTD_H 1
| /* end confdefs.h.  */
| #include <minix/config.h>
configure:4364: result: no
configure:4364: checking for minix/config.h
configure:4364: result: no
configure:4385: checking whether it is safe to define __EXTENSIONS__
configure:4403: gcc -c -g -O2  conftest.c >&5
configure:4403: $? = 0
configure:4410: result: yes
configure:4457: checking build system type
configure:4471: result: x86_64-unknown-linux-gnu
configure:4491: checking host system type
configure:4504: result: x86_64-unknown-linux-gnu
configure:4545: checking how to print strings
configure:4572: result: printf
configure:4593: checking for a sed that does not truncate output
configure:4657: result: /bin/sed
configure:4675: checking for fgrep
configure:4737: result: /bin/grep -F
configure:4772: checking for ld used by gcc
configure:4839: result: /usr/bin/ld
configure:4846: checking if the linker (/usr/bin/ld) is GNU ld
configure:4861: result: yes
configure:4873: checking for BSD- or MS-compatible name lister (nm)
configure:4922: result: /usr/bin/nm -B
configure:5052: checking the name lister (/usr/bin/nm -B) interface
configure:5059: gcc -c -g -O2  conftest.c >&5
configure:5062: /usr/bin/nm -B "conftest.o"
configure:5065: output
0000000000000000 B some_variable
configure:5072: result: BSD nm
configure:5075: checking whether ln -s works
configure:5079: result: yes
configure:5087: checking the maximum length of command line arguments
configure:5217: result: 1572864
configure:5234: checking whether the shell understands some XSI constructs
configure:5244: result: yes
configure:5248: checking whether the shell understands "+="
configure:5254: result: yes
configure:5289: checking how to convert x86_64-unknown-linux-gnu file names to x86_64-unknown-linux-gnu format
configure:5329: result: func_convert_file_noop
configure:5336: checking how to convert x86_64-unknown-linux-gnu file names to toolchain format
configure:5356: result: func_convert_file_noop
configure:5363: checking for /usr/bin/ld option to reload object files
configure:5370: result: -r
configure:5444: checking for objdump
configure:5460: found /usr/bin/objdump
configure:5471: result: objdump
configure:5500: checking how to recognize dependent libraries
configure:5702: result: pass_all
configure:5787: checking for dlltool
configure:5817: result: no
configure:5844: checking how to associate runtime and link libraries
configure:5871: result: printf %s\n
configure:5931: checking for ar
configure:5947: found /usr/bin/ar
configure:5958: result: ar
configure:5995: checking for archiver @FILE support
configure:6012: gcc -c -g -O2  conftest.c >&5
configure:6012: $? = 0
configure:6015: ar cru libconftest.a @conftest.lst >&5
configure:6018: $? = 0
configure:6023: ar cru libconftest.a @conftest.lst >&5
ar: conftest.o: No such file or directory
configure:6026: $? = 1
configure:6038: result: @
configure:6096: checking for strip
configure:6112: found /usr/bin/strip
configure:6123: result: strip
configure:6195: checking for ranlib
configure:6211: found /usr/bin/ranlib
configure:6222: result: ranlib
configure:6324: checking command to parse /usr/bin/nm -B output from gcc object
configure:6444: gcc -c -g -O2  conftest.c >&5
configure:6447: $? = 0
configure:6451: /usr/bin/nm -B conftest.o \| sed -n -e 's/^.*[ ]\([ABCDGIRSTW][ABCDGIRSTW]*\)[ ][ ]*\([_A-Za-z][_A-Za-z0-9]*\)$/\1 \2 \2/p' | sed '/ __gnu_lto/d' \> conftest.nm
configure:6454: $? = 0
configure:6520: gcc -o conftest -g -O2   conftest.c conftstm.o >&5
configure:6523: $? = 0
configure:6561: result: ok
configure:6598: checking for sysroot
configure:6628: result: no
configure:6705: gcc -c -g -O2  conftest.c >&5
configure:6708: $? = 0
configure:6884: checking for mt
configure:6914: result: no
configure:6934: checking if : is a manifest tool
configure:6940: : '-?'
configure:6948: result: no
configure:7587: checking for dlfcn.h
configure:7587: gcc -c -g -O2  conftest.c >&5
configure:7587: $? = 0
configure:7587: result: yes
configure:8090: checking for objdir
configure:8105: result: .libs
configure:8376: checking if gcc supports -fno-rtti -fno-exceptions
configure:8394: gcc -c -g -O2  -fno-rtti -fno-exceptions conftest.c >&5
cc1: warning: command line option '-fno-rtti' is valid for C++/ObjC++ but not for C [enabled by default]
configure:8398: $? = 0
configure:8411: result: no
configure:8738: checking for gcc option to produce PIC
configure:8745: result: -fPIC -DPIC
configure:8753: checking if gcc PIC flag -fPIC -DPIC works
configure:8771: gcc -c -g -O2  -fPIC -DPIC -DPIC conftest.c >&5
configure:8775: $? = 0
configure:8788: result: yes
configure:8817: checking if gcc static flag -static works
configure:8845: result: no
configure:8860: checking if gcc supports -c -o file.o
configure:8881: gcc -c -g -O2  -o out/conftest2.o conftest.c >&5
configure:8885: $? = 0
configure:8907: result: yes
configure:8915: checking if gcc supports -c -o file.o
configure:8962: result: yes
configure:8995: checking whether the gcc linker (/usr/bin/ld -m elf_x86_64) supports shared libraries
configure:10148: result: yes
configure:10185: checking whether -lc should be explicitly linked in
configure:10193: gcc -c -g -O2  conftest.c >&5
configure:10196: $? = 0
configure:10211: gcc -shared  -fPIC -DPIC conftest.o  -v -Wl,-soname -Wl,conftest -o conftest 2\>\&1 \| /bin/grep  -lc  \>/dev/null 2\>\&1
configure:10214: $? = 0
configure:10228: result: no
configure:10388: checking dynamic linker characteristics
configure:10899: gcc -o conftest -g -O2   -Wl,-rpath -Wl,/foo conftest.c  >&5
configure:10899: $? = 0
configure:11121: result: GNU/Linux ld.so
configure:11228: checking how to hardcode library paths into programs
configure:11253: result: immediate
configure:11793: checking whether stripping libraries is possible
configure:11798: result: yes
configure:11833: checking if libtool supports shared libraries
configure:11835: result: yes
configure:11838: checking whether to build shared libraries
configure:11859: result: yes
configure:11862: checking whether to build static libraries
configure:11866: result: no
configure:11905: checking for gcc option to accept ISO C99
configure:12054: gcc  -c -g -O2  conftest.c >&5
conftest.c:78:29: error: expected ';', ',' or ')' before 'text'
 test_restrict (ccp restrict text)
                             ^
conftest.c: In function 'main':
conftest.c:132:18: error: expected '=', ',', ';', 'asm' or '__attribute__' before 'newvar'
   char *restrict newvar = "Another string";
                  ^
conftest.c:132:18: error: 'newvar' undeclared (first use in this function)
conftest.c:132:18: note: each undeclared identifier is reported only once for each function it appears in
conftest.c:142:3: error: 'for' loop initial declarations are only allowed in C99 mode
   for (int i = 0; i < ia->datasize; ++i)
   ^
conftest.c:142:3: note: use option -std=c99 or -std=gnu99 to compile your code
configure:12054: $? = 1
configure: failed program was:
| /* confdefs.h */
| #define PACKAGE_NAME "rabbitmq-c"
| #define PACKAGE_TARNAME "rabbitmq-c"
| #define PACKAGE_VERSION "0.5.3"
| #define PACKAGE_STRING "rabbitmq-c 0.5.3"
| #define PACKAGE_BUGREPORT "https://github.com/alanxz/rabbitmq-c/issues"
| #define PACKAGE_URL "http://www.rabbitmq.com/"
| #define PACKAGE "rabbitmq-c"
| #define VERSION "0.5.3"
| #define STDC_HEADERS 1
| #define HAVE_SYS_TYPES_H 1
| #define HAVE_SYS_STAT_H 1
| #define HAVE_STDLIB_H 1
| #define HAVE_STRING_H 1
| #define HAVE_MEMORY_H 1
| #define HAVE_STRINGS_H 1
| #define HAVE_INTTYPES_H 1
| #define HAVE_STDINT_H 1
| #define HAVE_UNISTD_H 1
| #define __EXTENSIONS__ 1
| #define _ALL_SOURCE 1
| #define _GNU_SOURCE 1
| #define _POSIX_PTHREAD_SEMANTICS 1
| #define _TANDEM_SOURCE 1
| #define HAVE_DLFCN_H 1
| #define LT_OBJDIR ".libs/"
| /* end confdefs.h.  */
| #include <stdarg.h>
| #include <stdbool.h>
| #include <stdlib.h>
| #include <wchar.h>
| #include <stdio.h>
| 
| // Check varargs macros.  These examples are taken from C99 6.10.3.5.
| #define debug(...) fprintf (stderr, __VA_ARGS__)
| #define showlist(...) puts (#__VA_ARGS__)
| #define report(test,...) ((test) ? puts (#test) : printf (__VA_ARGS__))
| static void
| test_varargs_macros (void)
| {
|   int x = 1234;
|   int y = 5678;
|   debug ("Flag");
|   debug ("X = %d\n", x);
|   showlist (The first, second, and third items.);
|   report (x>y, "x is %d but y is %d", x, y);
| }
| 
| // Check long long types.
| #define BIG64 18446744073709551615ull
| #define BIG32 4294967295ul
| #define BIG_OK (BIG64 / BIG32 == 4294967297ull && BIG64 % BIG32 == 0)
| #if !BIG_OK
|   your preprocessor is broken;
| #endif
| #if BIG_OK
| #else
|   your preprocessor is broken;
| #endif
| static long long int bignum = -9223372036854775807LL;
| static unsigned long long int ubignum = BIG64;
| 
| struct incomplete_array
| {
|   int datasize;
|   double data[];
| };
| 
| struct named_init {
|   int number;
|   const wchar_t *name;
|   double average;
| };
| 
| typedef const char *ccp;
| 
| static inline int
| test_restrict (ccp restrict text)
| {
|   // See if C++-style comments work.
|   // Iterate through items via the restricted pointer.
|   // Also check for declarations in for loops.
|   for (unsigned int i = 0; *(text+i) != '\0'; ++i)
|     continue;
|   return 0;
| }
| 
| // Check varargs and va_copy.
| static void
| test_varargs (const char *format, ...)
| {
|   va_list args;
|   va_start (args, format);
|   va_list args_copy;
|   va_copy (args_copy, args);
| 
|   const char *str;
|   int number;
|   float fnumber;
| 
|   while (*format)
|     {
|       switch (*format++)
| 	{
| 	case 's': // string
| 	  str = va_arg (args_copy, const char *);
| 	  break;
| 	case 'd': // int
| 	  number = va_arg (args_copy, int);
| 	  break;
| 	case 'f': // float
| 	  fnumber = va_arg (args_copy, double);
| 	  break;
| 	default:
| 	  break;
| 	}
|     }
|   va_end (args_copy);
|   va_end (args);
| }
| 
| int
| main ()
| {
| 
|   // Check bool.
|   _Bool success = false;
| 
|   // Check restrict.
|   if (test_restrict ("String literal") == 0)
|     success = true;
|   char *restrict newvar = "Another string";
| 
|   // Check varargs.
|   test_varargs ("s, d' f .", "string", 65, 34.234);
|   test_varargs_macros ();
| 
|   // Check flexible array members.
|   struct incomplete_array *ia =
|     malloc (sizeof (struct incomplete_array) + (sizeof (double) * 10));
|   ia->datasize = 10;
|   for (int i = 0; i < ia->datasize; ++i)
|     ia->data[i] = i * 1.234;
| 
|   // Check named initializers.
|   struct named_init ni = {
|     .number = 34,
|     .name = L"Test wide string",
|     .average = 543.34343,
|   };
| 
|   ni.number = 58;
| 
|   int dynamic_array[ni.number];
|   dynamic_array[ni.number - 1] = 543;
| 
|   // work around unused variable warnings
|   return (!success || bignum == 0LL || ubignum == 0uLL || newvar[0] == 'x'
| 	  || dynamic_array[ni.number - 1] != 543);
| 
|   ;
|   return 0;
| }
configure:12054: gcc -std=gnu99 -c -g -O2  conftest.c >&5
configure:12054: $? = 0
configure:12074: result: -std=gnu99
configure:12136: checking for pkg-config
configure:12154: found /usr/bin/pkg-config
configure:12166: result: /usr/bin/pkg-config
configure:12191: checking pkg-config is at least version 0.17
configure:12194: result: yes
configure:12205: checking for inline
configure:12221: gcc -std=gnu99 -c -g -O2  conftest.c >&5
configure:12221: $? = 0
configure:12229: result: inline
configure:12252: checking if compiler accepts '-Wall'
configure:12265: gcc -std=gnu99 -c -Wall -g -O2  conftest.c >&5
configure:12265: $? = 0
configure:12266: result: yes
configure:12289: checking if compiler accepts '-Wextra'
configure:12302: gcc -std=gnu99 -c -Wextra -g -O2 -Wall  conftest.c >&5
configure:12302: $? = 0
configure:12303: result: yes
configure:12326: checking if compiler accepts '-pedantic'
configure:12339: gcc -std=gnu99 -c -pedantic -g -O2 -Wall -Wextra  conftest.c >&5
configure:12339: $? = 0
configure:12340: result: yes
configure:12363: checking if compiler accepts '-Wstrict-prototypes'
configure:12376: gcc -std=gnu99 -c -Wstrict-prototypes -g -O2 -Wall -Wextra -pedantic  conftest.c >&5
conftest.c:30:1: warning: function declaration isn't a prototype [-Wstrict-prototypes]
 main ()
 ^
configure:12376: $? = 0
configure:12377: result: yes
configure:12400: checking if compiler accepts '-Wcast-align'
configure:12413: gcc -std=gnu99 -c -Wcast-align -g -O2 -Wall -Wextra -pedantic -Wstrict-prototypes  conftest.c >&5
conftest.c:30:1: warning: function declaration isn't a prototype [-Wstrict-prototypes]
 main ()
 ^
configure:12413: $? = 0
configure:12414: result: yes
configure:12437: checking if compiler accepts '-fno-common'
configure:12450: gcc -std=gnu99 -c -fno-common -g -O2 -Wall -Wextra -pedantic -Wstrict-prototypes -Wcast-align  conftest.c >&5
conftest.c:30:1: warning: function declaration isn't a prototype [-Wstrict-prototypes]
 main ()
 ^
configure:12450: $? = 0
configure:12451: result: yes
configure:12474: checking if compiler accepts '-fvisibility=hidden'
configure:12487: gcc -std=gnu99 -c -fvisibility=hidden -g -O2 -Wall -Wextra -pedantic -Wstrict-prototypes -Wcast-align -fno-common  conftest.c >&5
conftest.c:30:1: warning: function declaration isn't a prototype [-Wstrict-prototypes]
 main ()
 ^
configure:12487: $? = 0
configure:12488: result: yes
configure:12510: checking if linker accepts '-no-undefined'
configure:12523: gcc -std=gnu99 -o conftest -g -O2 -Wall -Wextra -pedantic -Wstrict-prototypes -Wcast-align -fno-common -fvisibility=hidden  -no-undefined  conftest.c  >&5
gcc: error: unrecognized command line option '-no-undefined'
configure:12523: $? = 1
configure: failed program was:
| /* confdefs.h */
| #define PACKAGE_NAME "rabbitmq-c"
| #define PACKAGE_TARNAME "rabbitmq-c"
| #define PACKAGE_VERSION "0.5.3"
| #define PACKAGE_STRING "rabbitmq-c 0.5.3"
| #define PACKAGE_BUGREPORT "https://github.com/alanxz/rabbitmq-c/issues"
| #define PACKAGE_URL "http://www.rabbitmq.com/"
| #define PACKAGE "rabbitmq-c"
| #define VERSION "0.5.3"
| #define STDC_HEADERS 1
| #define HAVE_SYS_TYPES_H 1
| #define HAVE_SYS_STAT_H 1
| #define HAVE_STDLIB_H 1
| #define HAVE_STRING_H 1
| #define HAVE_MEMORY_H 1
| #define HAVE_STRINGS_H 1
| #define HAVE_INTTYPES_H 1
| #define HAVE_STDINT_H 1
| #define HAVE_UNISTD_H 1
| #define __EXTENSIONS__ 1
| #define _ALL_SOURCE 1
| #define _GNU_SOURCE 1
| #define _POSIX_PTHREAD_SEMANTICS 1
| #define _TANDEM_SOURCE 1
| #define HAVE_DLFCN_H 1
| #define LT_OBJDIR ".libs/"
| /* end confdefs.h.  */
| 
| int
| main ()
| {
| 
|   ;
|   return 0;
| }
configure:12529: result: no
configure:12633: checking for library containing getaddrinfo
configure:12664: gcc -std=gnu99 -o conftest -g -O2 -Wall -Wextra -pedantic -Wstrict-prototypes -Wcast-align -fno-common -fvisibility=hidden   conftest.c  >&5
conftest.c:36:1: warning: function declaration isn't a prototype [-Wstrict-prototypes]
 char getaddrinfo ();
 ^
conftest.c:38:1: warning: function declaration isn't a prototype [-Wstrict-prototypes]
 main ()
 ^
configure:12664: $? = 0
configure:12681: result: none required
configure:12732: checking for library containing socket
configure:12763: gcc -std=gnu99 -o conftest -g -O2 -Wall -Wextra -pedantic -Wstrict-prototypes -Wcast-align -fno-common -fvisibility=hidden   conftest.c  >&5
conftest.c:36:1: warning: function declaration isn't a prototype [-Wstrict-prototypes]
 char socket ();
 ^
conftest.c:38:1: warning: function declaration isn't a prototype [-Wstrict-prototypes]
 main ()
 ^
configure:12763: $? = 0
configure:12780: result: none required
configure:12831: checking for library containing clock_gettime
configure:12862: gcc -std=gnu99 -o conftest -g -O2 -Wall -Wextra -pedantic -Wstrict-prototypes -Wcast-align -fno-common -fvisibility=hidden   conftest.c  >&5
conftest.c:36:1: warning: function declaration isn't a prototype [-Wstrict-prototypes]
 char clock_gettime ();
 ^
conftest.c:38:1: warning: function declaration isn't a prototype [-Wstrict-prototypes]
 main ()
 ^
configure:12862: $? = 0
configure:12879: result: none required
configure:12887: checking if htonll is defined
configure:12906: gcc -std=gnu99 -o conftest -g -O2 -Wall -Wextra -pedantic -Wstrict-prototypes -Wcast-align -fno-common -fvisibility=hidden   conftest.c  >&5
conftest.c:33:1: warning: function declaration isn't a prototype [-Wstrict-prototypes]
 main ()
 ^
conftest.c: In function 'main':
conftest.c:36:8: warning: implicit declaration of function 'htonll' [-Wimplicit-function-declaration]
        return htonll(0);
        ^
/tmp/ccT1nbNU.o: In function `main':
/home/ec2-user/airflow/airflow-rabbitmq-docker/librabbitmq-1.6.1/clib/conftest.c:36: undefined reference to `htonll'
collect2: error: ld returned 1 exit status
configure:12906: $? = 1
configure: failed program was:
| /* confdefs.h */
| #define PACKAGE_NAME "rabbitmq-c"
| #define PACKAGE_TARNAME "rabbitmq-c"
| #define PACKAGE_VERSION "0.5.3"
| #define PACKAGE_STRING "rabbitmq-c 0.5.3"
| #define PACKAGE_BUGREPORT "https://github.com/alanxz/rabbitmq-c/issues"
| #define PACKAGE_URL "http://www.rabbitmq.com/"
| #define PACKAGE "rabbitmq-c"
| #define VERSION "0.5.3"
| #define STDC_HEADERS 1
| #define HAVE_SYS_TYPES_H 1
| #define HAVE_SYS_STAT_H 1
| #define HAVE_STDLIB_H 1
| #define HAVE_STRING_H 1
| #define HAVE_MEMORY_H 1
| #define HAVE_STRINGS_H 1
| #define HAVE_INTTYPES_H 1
| #define HAVE_STDINT_H 1
| #define HAVE_UNISTD_H 1
| #define __EXTENSIONS__ 1
| #define _ALL_SOURCE 1
| #define _GNU_SOURCE 1
| #define _POSIX_PTHREAD_SEMANTICS 1
| #define _TANDEM_SOURCE 1
| #define HAVE_DLFCN_H 1
| #define LT_OBJDIR ".libs/"
| #define ENABLE_THREAD_SAFETY 1
| /* end confdefs.h.  */
| 
|         #include <arpa/inet.h>
| 
| int
| main ()
| {
| 
|        return htonll(0);
| 
| 
|   ;
|   return 0;
| }
configure:12916: result: no
configure:13088: checking for SSL
configure:13095: $PKG_CONFIG --exists --print-errors "openssl >= 0.9.8"
configure:13098: $? = 0
configure:13112: $PKG_CONFIG --exists --print-errors "openssl >= 0.9.8"
configure:13115: $? = 0
configure:13153: result: yes
configure:13340: checking for popt.h
configure:13340: gcc -std=gnu99 -c -g -O2 -Wall -Wextra -pedantic -Wstrict-prototypes -Wcast-align -fno-common -fvisibility=hidden  conftest.c >&5
conftest.c:32:18: fatal error: popt.h: No such file or directory
 #include <popt.h>
                  ^
compilation terminated.
configure:13340: $? = 1
configure: failed program was:
| /* confdefs.h */
| #define PACKAGE_NAME "rabbitmq-c"
| #define PACKAGE_TARNAME "rabbitmq-c"
| #define PACKAGE_VERSION "0.5.3"
| #define PACKAGE_STRING "rabbitmq-c 0.5.3"
| #define PACKAGE_BUGREPORT "https://github.com/alanxz/rabbitmq-c/issues"
| #define PACKAGE_URL "http://www.rabbitmq.com/"
| #define PACKAGE "rabbitmq-c"
| #define VERSION "0.5.3"
| #define STDC_HEADERS 1
| #define HAVE_SYS_TYPES_H 1
| #define HAVE_SYS_STAT_H 1
| #define HAVE_STDLIB_H 1
| #define HAVE_STRING_H 1
| #define HAVE_MEMORY_H 1
| #define HAVE_STRINGS_H 1
| #define HAVE_INTTYPES_H 1
| #define HAVE_STDINT_H 1
| #define HAVE_UNISTD_H 1
| #define __EXTENSIONS__ 1
| #define _ALL_SOURCE 1
| #define _GNU_SOURCE 1
| #define _POSIX_PTHREAD_SEMANTICS 1
| #define _TANDEM_SOURCE 1
| #define HAVE_DLFCN_H 1
| #define LT_OBJDIR ".libs/"
| #define ENABLE_THREAD_SAFETY 1
| #define WITH_SSL 1
| /* end confdefs.h.  */
| 
| 
| #include <popt.h>
configure:13340: result: no
configure:13352: checking for poptGetContext in -lpopt
configure:13377: gcc -std=gnu99 -o conftest -g -O2 -Wall -Wextra -pedantic -Wstrict-prototypes -Wcast-align -fno-common -fvisibility=hidden   conftest.c -lpopt   >&5
conftest.c:37:1: warning: function declaration isn't a prototype [-Wstrict-prototypes]
 char poptGetContext ();
 ^
conftest.c:39:1: warning: function declaration isn't a prototype [-Wstrict-prototypes]
 main ()
 ^
/usr/bin/ld: cannot find -lpopt
collect2: error: ld returned 1 exit status
configure:13377: $? = 1
configure: failed program was:
| /* confdefs.h */
| #define PACKAGE_NAME "rabbitmq-c"
| #define PACKAGE_TARNAME "rabbitmq-c"
| #define PACKAGE_VERSION "0.5.3"
| #define PACKAGE_STRING "rabbitmq-c 0.5.3"
| #define PACKAGE_BUGREPORT "https://github.com/alanxz/rabbitmq-c/issues"
| #define PACKAGE_URL "http://www.rabbitmq.com/"
| #define PACKAGE "rabbitmq-c"
| #define VERSION "0.5.3"
| #define STDC_HEADERS 1
| #define HAVE_SYS_TYPES_H 1
| #define HAVE_SYS_STAT_H 1
| #define HAVE_STDLIB_H 1
| #define HAVE_STRING_H 1
| #define HAVE_MEMORY_H 1
| #define HAVE_STRINGS_H 1
| #define HAVE_INTTYPES_H 1
| #define HAVE_STDINT_H 1
| #define HAVE_UNISTD_H 1
| #define __EXTENSIONS__ 1
| #define _ALL_SOURCE 1
| #define _GNU_SOURCE 1
| #define _POSIX_PTHREAD_SEMANTICS 1
| #define _TANDEM_SOURCE 1
| #define HAVE_DLFCN_H 1
| #define LT_OBJDIR ".libs/"
| #define ENABLE_THREAD_SAFETY 1
| #define WITH_SSL 1
| /* end confdefs.h.  */
| 
| /* Override any GCC internal prototype to avoid an error.
|    Use char because int might match the return type of a GCC
|    builtin and then its argument prototype would still apply.  */
| #ifdef __cplusplus
| extern "C"
| #endif
| char poptGetContext ();
| int
| main ()
| {
| return poptGetContext ();
|   ;
|   return 0;
| }
configure:13386: result: no
configure:13663: checking that generated files are newer than configure
configure:13669: result: done
configure:13736: creating ./config.status

## ---------------------- ##
## Running config.status. ##
## ---------------------- ##

This file was extended by rabbitmq-c config.status 0.5.3, which was
generated by GNU Autoconf 2.69.  Invocation command line was

  CONFIG_FILES    = 
  CONFIG_HEADERS  = 
  CONFIG_LINKS    = 
  CONFIG_COMMANDS = 
  $ ./config.status 

on ip-172-31-21-250

config.status:1130: creating librabbitmq.pc
config.status:1130: creating Makefile
config.status:1130: creating config.h
config.status:1359: executing depfiles commands
config.status:1359: executing libtool commands
configure:15975: result:
rabbitmq-c build options:
	Host: x86_64-unknown-linux-gnu
	Version: 0.5.3
	SSL/TLS: openssl
	Tools: no
	Documentation: no
	Examples: yes


## ---------------- ##
## Cache variables. ##
## ---------------- ##

ac_cv_build=x86_64-unknown-linux-gnu
ac_cv_c_compiler_gnu=yes
ac_cv_c_inline=inline
ac_cv_env_CC_set=
ac_cv_env_CC_value=
ac_cv_env_CFLAGS_set=
ac_cv_env_CFLAGS_value=
ac_cv_env_CPPFLAGS_set=
ac_cv_env_CPPFLAGS_value=
ac_cv_env_CPP_set=
ac_cv_env_CPP_value=
ac_cv_env_LDFLAGS_set=
ac_cv_env_LDFLAGS_value=
ac_cv_env_LIBS_set=
ac_cv_env_LIBS_value=
ac_cv_env_PKG_CONFIG_LIBDIR_set=
ac_cv_env_PKG_CONFIG_LIBDIR_value=
ac_cv_env_PKG_CONFIG_PATH_set=
ac_cv_env_PKG_CONFIG_PATH_value=
ac_cv_env_PKG_CONFIG_set=
ac_cv_env_PKG_CONFIG_value=
ac_cv_env_POLARSSL_CFLAGS_set=
ac_cv_env_POLARSSL_CFLAGS_value=
ac_cv_env_POLARSSL_LIBS_set=
ac_cv_env_POLARSSL_LIBS_value=
ac_cv_env_POPT_CFLAGS_set=
ac_cv_env_POPT_CFLAGS_value=
ac_cv_env_POPT_LIBS_set=
ac_cv_env_POPT_LIBS_value=
ac_cv_env_SSL_CFLAGS_set=
ac_cv_env_SSL_CFLAGS_value=
ac_cv_env_SSL_LIBS_set=
ac_cv_env_SSL_LIBS_value=
ac_cv_env_XMLTO_set=
ac_cv_env_XMLTO_value=
ac_cv_env_build_alias_set=
ac_cv_env_build_alias_value=
ac_cv_env_host_alias_set=
ac_cv_env_host_alias_value=
ac_cv_env_target_alias_set=
ac_cv_env_target_alias_value=
ac_cv_header_dlfcn_h=yes
ac_cv_header_inttypes_h=yes
ac_cv_header_memory_h=yes
ac_cv_header_minix_config_h=no
ac_cv_header_popt_h=no
ac_cv_header_stdc=yes
ac_cv_header_stdint_h=yes
ac_cv_header_stdlib_h=yes
ac_cv_header_string_h=yes
ac_cv_header_strings_h=yes
ac_cv_header_sys_stat_h=yes
ac_cv_header_sys_types_h=yes
ac_cv_header_unistd_h=yes
ac_cv_host=x86_64-unknown-linux-gnu
ac_cv_lib_popt_poptGetContext=no
ac_cv_objext=o
ac_cv_path_EGREP='/bin/grep -E'
ac_cv_path_FGREP='/bin/grep -F'
ac_cv_path_GREP=/bin/grep
ac_cv_path_SED=/bin/sed
ac_cv_path_ac_pt_PKG_CONFIG=/usr/bin/pkg-config
ac_cv_path_install='/usr/bin/install -c'
ac_cv_path_mkdir=/bin/mkdir
ac_cv_prog_AWK=gawk
ac_cv_prog_CPP='gcc -E'
ac_cv_prog_ac_ct_AR=ar
ac_cv_prog_ac_ct_CC=gcc
ac_cv_prog_ac_ct_OBJDUMP=objdump
ac_cv_prog_ac_ct_RANLIB=ranlib
ac_cv_prog_ac_ct_STRIP=strip
ac_cv_prog_cc_c89=
ac_cv_prog_cc_c99=-std=gnu99
ac_cv_prog_cc_g=yes
ac_cv_prog_make_make_set=yes
ac_cv_safe_to_define___extensions__=yes
ac_cv_search_clock_gettime='none required'
ac_cv_search_getaddrinfo='none required'
ac_cv_search_socket='none required'
am_cv_CC_dependencies_compiler_type=gcc3
am_cv_make_support_nested_variables=yes
am_cv_prog_cc_c_o=yes
ax_cv_have_popt=no
lt_cv_ar_at_file=@
lt_cv_archive_cmds_need_lc=no
lt_cv_deplibs_check_method=pass_all
lt_cv_file_magic_cmd='$MAGIC_CMD'
lt_cv_file_magic_test_file=
lt_cv_ld_reload_flag=-r
lt_cv_nm_interface='BSD nm'
lt_cv_objdir=.libs
lt_cv_path_LD=/usr/bin/ld
lt_cv_path_NM='/usr/bin/nm -B'
lt_cv_path_mainfest_tool=no
lt_cv_prog_compiler_c_o=yes
lt_cv_prog_compiler_pic='-fPIC -DPIC'
lt_cv_prog_compiler_pic_works=yes
lt_cv_prog_compiler_rtti_exceptions=no
lt_cv_prog_compiler_static_works=no
lt_cv_prog_gnu_ld=yes
lt_cv_sharedlib_from_linklib_cmd='printf %s\n'
lt_cv_shlibpath_overrides_runpath=no
lt_cv_sys_global_symbol_pipe='sed -n -e '\''s/^.*[	 ]\([ABCDGIRSTW][ABCDGIRSTW]*\)[	 ][	 ]*\([_A-Za-z][_A-Za-z0-9]*\)$/\1 \2 \2/p'\'' | sed '\''/ __gnu_lto/d'\'''
lt_cv_sys_global_symbol_to_c_name_address='sed -n -e '\''s/^: \([^ ]*\)[ ]*$/  {\"\1\", (void *) 0},/p'\'' -e '\''s/^[ABCDGIRSTW]* \([^ ]*\) \([^ ]*\)$/  {"\2", (void *) \&\2},/p'\'''
lt_cv_sys_global_symbol_to_c_name_address_lib_prefix='sed -n -e '\''s/^: \([^ ]*\)[ ]*$/  {\"\1\", (void *) 0},/p'\'' -e '\''s/^[ABCDGIRSTW]* \([^ ]*\) \(lib[^ ]*\)$/  {"\2", (void *) \&\2},/p'\'' -e '\''s/^[ABCDGIRSTW]* \([^ ]*\) \([^ ]*\)$/  {"lib\2", (void *) \&\2},/p'\'''
lt_cv_sys_global_symbol_to_cdecl='sed -n -e '\''s/^T .* \(.*\)$/extern int \1();/p'\'' -e '\''s/^[ABCDGIRSTW]* .* \(.*\)$/extern char \1;/p'\'''
lt_cv_sys_max_cmd_len=1572864
lt_cv_to_host_file_cmd=func_convert_file_noop
lt_cv_to_tool_file_cmd=func_convert_file_noop
pkg_cv_SSL_CFLAGS=' '
pkg_cv_SSL_LIBS='-lssl -lcrypto  '

## ----------------- ##
## Output variables. ##
## ----------------- ##

ACLOCAL='${SHELL} /home/ec2-user/airflow/airflow-rabbitmq-docker/librabbitmq-1.6.1/clib/missing aclocal-1.14'
AMDEPBACKSLASH='\'
AMDEP_FALSE='#'
AMDEP_TRUE=''
AMTAR='$${TAR-tar}'
AM_BACKSLASH='\'
AM_DEFAULT_V='$(AM_DEFAULT_VERBOSITY)'
AM_DEFAULT_VERBOSITY='0'
AM_V='$(V)'
AR='ar'
AS='as'
AUTOCONF='${SHELL} /home/ec2-user/airflow/airflow-rabbitmq-docker/librabbitmq-1.6.1/clib/missing autoconf'
AUTOHEADER='${SHELL} /home/ec2-user/airflow/airflow-rabbitmq-docker/librabbitmq-1.6.1/clib/missing autoheader'
AUTOMAKE='${SHELL} /home/ec2-user/airflow/airflow-rabbitmq-docker/librabbitmq-1.6.1/clib/missing automake-1.14'
AWK='gawk'
CC='gcc -std=gnu99'
CCDEPMODE='depmode=gcc3'
CFLAGS='-g -O2 -Wall -Wextra -pedantic -Wstrict-prototypes -Wcast-align -fno-common -fvisibility=hidden'
CPP='gcc -E'
CPPFLAGS=''
CYGPATH_W='echo'
DEFS='-DHAVE_CONFIG_H'
DEPDIR='.deps'
DLLTOOL='false'
DOCS_FALSE=''
DOCS_TRUE='#'
DSYMUTIL=''
DUMPBIN=''
ECHO_C=''
ECHO_N='-n'
ECHO_T=''
EGREP='/bin/grep -E'
EXAMPLES_FALSE='#'
EXAMPLES_TRUE=''
EXEEXT=''
FGREP='/bin/grep -F'
GREP='/bin/grep'
INSTALL_DATA='${INSTALL} -m 644'
INSTALL_PROGRAM='${INSTALL}'
INSTALL_SCRIPT='${INSTALL}'
INSTALL_STRIP_PROGRAM='$(install_sh) -c -s'
LD='/usr/bin/ld -m elf_x86_64'
LDFLAGS=''
LIBOBJS=''
LIBS=''
LIBTOOL='$(SHELL) $(top_builddir)/libtool'
LIPO=''
LN_S='ln -s'
LTLIBOBJS=''
LT_AGE='2'
LT_CURRENT='3'
LT_REVISION='3'
MAKEINFO='${SHELL} /home/ec2-user/airflow/airflow-rabbitmq-docker/librabbitmq-1.6.1/clib/missing makeinfo'
MANIFEST_TOOL=':'
MKDIR_P='/bin/mkdir -p'
NM='/usr/bin/nm -B'
NMEDIT=''
NO_UNDEFINED=''
OBJDUMP='objdump'
OBJEXT='o'
OS_APPLE_FALSE=''
OS_APPLE_TRUE='#'
OS_UNIX_FALSE='#'
OS_UNIX_TRUE=''
OS_WIN32_FALSE=''
OS_WIN32_TRUE='#'
OTOOL64=''
OTOOL=''
PACKAGE='rabbitmq-c'
PACKAGE_BUGREPORT='https://github.com/alanxz/rabbitmq-c/issues'
PACKAGE_NAME='rabbitmq-c'
PACKAGE_STRING='rabbitmq-c 0.5.3'
PACKAGE_TARNAME='rabbitmq-c'
PACKAGE_URL='http://www.rabbitmq.com/'
PACKAGE_VERSION='0.5.3'
PATH_SEPARATOR=':'
PKG_CONFIG='/usr/bin/pkg-config'
PKG_CONFIG_LIBDIR=''
PKG_CONFIG_PATH=''
POLARSSL_CFLAGS=''
POLARSSL_LIBS=''
POPT_CFLAGS=''
POPT_LIBS=''
RANLIB='ranlib'
SED='/bin/sed'
SET_MAKE=''
SHELL='/bin/sh'
SSL_CFLAGS=' '
SSL_CYASSL_FALSE=''
SSL_CYASSL_TRUE='#'
SSL_FALSE='#'
SSL_GNUTLS_FALSE=''
SSL_GNUTLS_TRUE='#'
SSL_LIBS='-lssl -lcrypto  '
SSL_OPENSSL_FALSE='#'
SSL_OPENSSL_TRUE=''
SSL_POLARSSL_FALSE=''
SSL_POLARSSL_TRUE='#'
SSL_TRUE=''
STRIP='strip'
TOOLS_FALSE=''
TOOLS_TRUE='#'
VERSION='0.5.3'
XMLTO=''
ac_ct_AR='ar'
ac_ct_CC='gcc'
ac_ct_DUMPBIN=''
am__EXEEXT_FALSE=''
am__EXEEXT_TRUE='#'
am__fastdepCC_FALSE='#'
am__fastdepCC_TRUE=''
am__include='include'
am__isrc=''
am__leading_dot='.'
am__nodep='_no'
am__quote=''
am__tar='$${TAR-tar} chof - "$$tardir"'
am__untar='$${TAR-tar} xf -'
bindir='${exec_prefix}/bin'
build='x86_64-unknown-linux-gnu'
build_alias=''
build_cpu='x86_64'
build_os='linux-gnu'
build_vendor='unknown'
datadir='${datarootdir}'
datarootdir='${prefix}/share'
docdir='${datarootdir}/doc/${PACKAGE_TARNAME}'
dvidir='${docdir}'
exec_prefix='${prefix}'
host='x86_64-unknown-linux-gnu'
host_alias=''
host_cpu='x86_64'
host_os='linux-gnu'
host_vendor='unknown'
htmldir='${docdir}'
includedir='${prefix}/include'
infodir='${datarootdir}/info'
install_sh='${SHELL} /home/ec2-user/airflow/airflow-rabbitmq-docker/librabbitmq-1.6.1/clib/install-sh'
libdir='${exec_prefix}/lib'
libexecdir='${exec_prefix}/libexec'
libs_private=''
localedir='${datarootdir}/locale'
localstatedir='${prefix}/var'
mandir='${datarootdir}/man'
mkdir_p='$(MKDIR_P)'
oldincludedir='/usr/include'
pdfdir='${docdir}'
prefix='/usr/local'
program_transform_name='s,x,x,'
psdir='${docdir}'
requires_private='openssl'
sbindir='${exec_prefix}/sbin'
sharedstatedir='${prefix}/com'
sysconfdir='${prefix}/etc'
target_alias=''

## ----------- ##
## confdefs.h. ##
## ----------- ##

/* confdefs.h */
#define PACKAGE_NAME "rabbitmq-c"
#define PACKAGE_TARNAME "rabbitmq-c"
#define PACKAGE_VERSION "0.5.3"
#define PACKAGE_STRING "rabbitmq-c 0.5.3"
#define PACKAGE_BUGREPORT "https://github.com/alanxz/rabbitmq-c/issues"
#define PACKAGE_URL "http://www.rabbitmq.com/"
#define PACKAGE "rabbitmq-c"
#define VERSION "0.5.3"
#define STDC_HEADERS 1
#define HAVE_SYS_TYPES_H 1
#define HAVE_SYS_STAT_H 1
#define HAVE_STDLIB_H 1
#define HAVE_STRING_H 1
#define HAVE_MEMORY_H 1
#define HAVE_STRINGS_H 1
#define HAVE_INTTYPES_H 1
#define HAVE_STDINT_H 1
#define HAVE_UNISTD_H 1
#define __EXTENSIONS__ 1
#define _ALL_SOURCE 1
#define _GNU_SOURCE 1
#define _POSIX_PTHREAD_SEMANTICS 1
#define _TANDEM_SOURCE 1
#define HAVE_DLFCN_H 1
#define LT_OBJDIR ".libs/"
#define ENABLE_THREAD_SAFETY 1
#define WITH_SSL 1
#define AMQ_PLATFORM "linux-gnu"

configure: exit 0
